This file contains any messages produced by compilers while
running configure, to aid debugging if configure makes a mistake.

configure:637: gcc -E conftest.c
configure:802: gcc -o conftest -g -O   conftest.c -ldbm   1>&5
/usr/bin/ld: cannot find -ldbm
collect2: error: ld returned 1 exit status
configure:843: gcc -o conftest -g -O   conftest.c -ldb   1>&5
/tmp/ccfqUdph.o: In function `t':
/home/star/Desktop/php-history/php-2/configure:839: undefined reference to `dbm_open'
collect2: error: ld returned 1 exit status
configure:884: gcc -o conftest -g -O   conftest.c -lgdbm   1>&5
configure:931: gcc -o conftest -g -O   conftest.c -lnsl   1>&5
/tmp/ccnip3et.o: In function `t':
/home/star/Desktop/php-history/php-2/configure:927: undefined reference to `t_accept'
collect2: error: ld returned 1 exit status
configure:975: gcc -o conftest -g -O   conftest.c -lsocket   1>&5
/usr/bin/ld: cannot find -lsocket
collect2: error: ld returned 1 exit status
configure:1019: gcc -o conftest -g -O   conftest.c -lm   1>&5
configure:1011:6: warning: conflicting types for built-in function 'sin' [-Wbuiltin-declaration-mismatch]
 char sin();
      ^~~
configure:1063: gcc -o conftest -g -O   conftest.c -lgd  -lm  1>&5
configure:1109: gcc -E  conftest.c >/dev/null 2>conftest.out
configure:1157: gcc -o conftest -g -O   conftest.c -lgd -lm  1>&5
configure:1154:1: warning: return type defaults to 'int' [-Wimplicit-int]
 main(){return(0);}
 ^~~~
configure:1183: gcc -E  conftest.c >/dev/null 2>conftest.out
configure:1248: gcc -o conftest -g -O   conftest.c -lgd -lm  1>&5
configure: In function 'main':
configure:1243:67: warning: implicit declaration of function 'exit' [-Wimplicit-function-declaration]
 if (XOR (islower (i), ISLOWER (i)) || toupper (i) != TOUPPER (i)) exit(2);
                                                                   ^~~~
configure:1243:67: warning: incompatible implicit declaration of built-in function 'exit'
configure:1243:67: note: include '<stdlib.h>' or provide a declaration of 'exit'
configure:1244:1: warning: incompatible implicit declaration of built-in function 'exit'
 exit (0); }
 ^~~~
configure:1244:1: note: include '<stdlib.h>' or provide a declaration of 'exit'
configure:1285: gcc -c -g -O  conftest.c 1>&5
configure:1328: gcc -o conftest -g -O   conftest.c -ldir  -lgd -lm  1>&5
/usr/bin/ld: cannot find -ldir
collect2: error: ld returned 1 exit status
configure:1400: gcc -E  conftest.c >/dev/null 2>conftest.out
configure:1400: gcc -E  conftest.c >/dev/null 2>conftest.out
configure:1400: gcc -E  conftest.c >/dev/null 2>conftest.out
configure:1400: gcc -E  conftest.c >/dev/null 2>conftest.out
configure:1400: gcc -E  conftest.c >/dev/null 2>conftest.out
configure:1439: gcc -c -g -O  conftest.c 1>&5
configure:1488: gcc -o conftest -g -O   conftest.c -lgd -lm  1>&5
configure:1471:6: warning: conflicting types for built-in function 'vprintf' [-Wbuiltin-declaration-mismatch]
 char vprintf();
      ^~~~~~~
configure:1591: gcc -o conftest -g -O   conftest.c -lgd -lm  1>&5
/tmp/ccvFU0CH.o: In function `t':
/home/star/Desktop/php-history/php-2/configure:1585: undefined reference to `crypt'
collect2: error: ld returned 1 exit status
configure:1591: gcc -o conftest -g -O   conftest.c -lgd -lm  1>&5
configure:1574:6: warning: conflicting types for built-in function 'memcpy' [-Wbuiltin-declaration-mismatch]
 char $ac_func();
      ^~~~~~
configure:1591: gcc -o conftest -g -O   conftest.c -lgd -lm  1>&5
configure:1574:6: warning: conflicting types for built-in function 'strdup' [-Wbuiltin-declaration-mismatch]
 char $ac_func();
      ^~~~~~
configure:1591: gcc -o conftest -g -O   conftest.c -lgd -lm  1>&5
configure:1591: gcc -o conftest -g -O   conftest.c -lgd -lm  1>&5
configure:1574:6: warning: conflicting types for built-in function 'strcasecmp' [-Wbuiltin-declaration-mismatch]
 char $ac_func();
      ^~~~~~~~~~
configure:1591: gcc -o conftest -g -O   conftest.c -lgd -lm  1>&5
configure:1574:6: warning: conflicting types for built-in function 'strstr' [-Wbuiltin-declaration-mismatch]
 char $ac_func();
      ^~~~~~
configure:1591: gcc -o conftest -g -O   conftest.c -lgd -lm  1>&5
configure:1591: gcc -o conftest -g -O   conftest.c -lgd -lm  1>&5
configure:1591: gcc -o conftest -g -O   conftest.c -lgd -lm  1>&5
configure:1591: gcc -o conftest -g -O   conftest.c -lgd -lm  1>&5
configure:1591: gcc -o conftest -g -O   conftest.c -lgd -lm  1>&5
/tmp/cc5HfxND.o: In function `t':
/home/star/Desktop/php-history/php-2/configure:1585: warning: the use of `tempnam' is dangerous, better use `mkstemp'
configure:1591: gcc -o conftest -g -O   conftest.c -lgd -lm  1>&5
configure:1591: gcc -o conftest -g -O   conftest.c -lgd -lm  1>&5
configure:1591: gcc -o conftest -g -O   conftest.c -lgd -lm  1>&5
configure:1591: gcc -o conftest -g -O   conftest.c -lgd -lm  1>&5
configure:1591: gcc -o conftest -g -O   conftest.c -lgd -lm  1>&5
configure:1591: gcc -o conftest -g -O   conftest.c -lgd -lm  1>&5
configure:1591: gcc -o conftest -g -O   conftest.c -lgd -lm  1>&5
configure:1591: gcc -o conftest -g -O   conftest.c -lgd -lm  1>&5
configure:1591: gcc -o conftest -g -O   conftest.c -lgd -lm  1>&5
