This file contains any messages produced by compilers while
running configure, to aid debugging if configure makes a mistake.

configure:1605: checking for egrep
configure:1620: checking for a sed that does not truncate output
configure:1785: checking host system type
configure:1885: checking for gcc
configure:1998: checking whether the C compiler (gcc  ) works
configure:2014: gcc -o conftest    conftest.c  1>&5
configure:2011:1: warning: return type defaults to 'int' [-Wimplicit-int]
 main(){return(0);}
 ^~~~
configure:2040: checking whether the C compiler (gcc  ) is a cross-compiler
configure:2045: checking whether we are using GNU C
configure:2073: checking whether gcc accepts -g
configure:2106: checking whether gcc and cc understand -c and -o together
configure:2157: checking how to run the C preprocessor
configure:2238: checking for AIX
configure:2265: checking if compiler supports -R
configure:2298: checking if compiler supports -Wl,-rpath,
configure:2339: checking for re2c
configure:2368: checking whether ln -s works
configure:2393: checking for gawk
configure:2427: checking for bison
configure:2461: checking bison version
configure:2471: checking for flex
configure:2505: checking for yywrap in -lfl
configure:2548: checking lex output file root
configure:2569: checking whether yytext is a pointer
configure:2612: checking for working const
configure:2691: checking flex version
configure:2707: checking whether byte ordering is bigendian
configure:2945: checking whether to force non-PIC code in shared modules
configure:3069: gcc -o conftest -g -O2 -pthread   conftest.c  1>&5
configure:3089: checking for pthreads_cflags
configure:3159: checking for pthreads_lib
configure:3297: checking for AOLserver support
configure:3538: checking for Apache 1.x module support via DSO through APXS
configure:3841: checking for Apache 1.x module support
configure:4676: checking for mod_charset compatibility option
configure:4813: checking for Apache 2.0 filter-module support via DSO through APXS
configure:5635: checking for Apache 2.0 handler-module support via DSO through APXS
configure:6458: checking for Caudium support
configure:6788: checking for CLI build
configure:6851: checking for embedded SAPI library support
configure:7054: checking for Zeus ISAPI support
configure:7284: checking for NSAPI support
configure:7625: checking for PHTTPD support
configure:7854: checking for Pi3Web support
configure:8183: checking for Roxen/Pike support
configure:8452: checking for Servlet support
configure:8970: checking for thttpd
configure:9196: checking for TUX
configure:9430: checking for webjames
configure:9504: checking for CGI build
configure:9528: checking whether writing to stdout works
configure:9586: checking whether to force Apache CGI redirect
configure:9600: checking whether to discard path_info + path_translated
configure:9613: checking whether to enable path info checking
configure:9626: checking whether to enable fastcgi support
configure:9851: checking for chosen SAPI module
configure:10756: checking for missing declarations of reentrant functions
configure:10765: gcc -c -g -O2  conftest.c 1>&5
configure:10790: gcc -c -g -O2  conftest.c 1>&5
configure:10815: gcc -c -g -O2  conftest.c 1>&5
configure:10840: gcc -c -g -O2  conftest.c 1>&5
configure:10865: gcc -c -g -O2  conftest.c 1>&5
configure:10889: checking for sendmail
configure:10930: checking whether system uses EBCDIC
configure:11022: checking for socket
configure:11050: gcc -o conftest -g -O2   conftest.c  1>&5
configure:11279: checking for htonl
configure:11307: gcc -o conftest -g -O2   conftest.c  1>&5
configure:11536: checking for gethostname
configure:11564: gcc -o conftest -g -O2   conftest.c  1>&5
configure:11793: checking for gethostbyaddr
configure:11821: gcc -o conftest -g -O2   conftest.c  1>&5
configure:12050: checking for yp_get_default_domain
configure:12078: gcc -o conftest -g -O2   conftest.c  1>&5
/tmp/ccBbjQoB.o: In function `main':
/home/star/Desktop/php-history/php-4/configure:12072: undefined reference to `yp_get_default_domain'
collect2: error: ld returned 1 exit status
configure: failed program was:
#line 12055 "configure"
#include "confdefs.h"
/* System header to define __stub macros and hopefully few prototypes,
    which can conflict with char yp_get_default_domain(); below.  */
#include <assert.h>
/* Override any gcc2 internal prototype to avoid an error.  */
/* We use char because int might match the return type of a gcc2
    builtin and then its argument prototype would still apply.  */
char yp_get_default_domain();

int main() {

/* The GNU C library defines this for functions which it implements
    to always fail with ENOSYS.  Some functions are actually named
    something starting with __ and the normal name is an alias.  */
#if defined (__stub_yp_get_default_domain) || defined (__stub___yp_get_default_domain)
choke me
#else
yp_get_default_domain();
#endif

; return 0; }
configure:12096: checking for __yp_get_default_domain
configure:12124: gcc -o conftest -g -O2   conftest.c  1>&5
/tmp/ccUDEuhF.o: In function `main':
/home/star/Desktop/php-history/php-4/configure:12118: undefined reference to `__yp_get_default_domain'
collect2: error: ld returned 1 exit status
configure: failed program was:
#line 12101 "configure"
#include "confdefs.h"
/* System header to define __stub macros and hopefully few prototypes,
    which can conflict with char __yp_get_default_domain(); below.  */
#include <assert.h>
/* Override any gcc2 internal prototype to avoid an error.  */
/* We use char because int might match the return type of a gcc2
    builtin and then its argument prototype would still apply.  */
char __yp_get_default_domain();

int main() {

/* The GNU C library defines this for functions which it implements
    to always fail with ENOSYS.  Some functions are actually named
    something starting with __ and the normal name is an alias.  */
#if defined (__stub___yp_get_default_domain) || defined (__stub_____yp_get_default_domain)
choke me
#else
__yp_get_default_domain();
#endif

; return 0; }
configure:12162: checking for yp_get_default_domain in -lnsl
configure:12181: gcc -o conftest -g -O2   conftest.c -lnsl   1>&5
configure:12256: gcc -o conftest -g -O2   conftest.c  -lnsl 1>&5
configure:12253:1: warning: return type defaults to 'int' [-Wimplicit-int]
 main() { return (0); }
 ^~~~
configure:12308: checking for dlopen
configure:12336: gcc -o conftest -g -O2   conftest.c -lnsl  1>&5
/tmp/cczNQ8DZ.o: In function `main':
/home/star/Desktop/php-history/php-4/configure:12330: undefined reference to `dlopen'
collect2: error: ld returned 1 exit status
configure: failed program was:
#line 12313 "configure"
#include "confdefs.h"
/* System header to define __stub macros and hopefully few prototypes,
    which can conflict with char dlopen(); below.  */
#include <assert.h>
/* Override any gcc2 internal prototype to avoid an error.  */
/* We use char because int might match the return type of a gcc2
    builtin and then its argument prototype would still apply.  */
char dlopen();

int main() {

/* The GNU C library defines this for functions which it implements
    to always fail with ENOSYS.  Some functions are actually named
    something starting with __ and the normal name is an alias.  */
#if defined (__stub_dlopen) || defined (__stub___dlopen)
choke me
#else
dlopen();
#endif

; return 0; }
configure:12354: checking for __dlopen
configure:12382: gcc -o conftest -g -O2   conftest.c -lnsl  1>&5
/tmp/ccCW56g8.o: In function `main':
/home/star/Desktop/php-history/php-4/configure:12376: undefined reference to `__dlopen'
collect2: error: ld returned 1 exit status
configure: failed program was:
#line 12359 "configure"
#include "confdefs.h"
/* System header to define __stub macros and hopefully few prototypes,
    which can conflict with char __dlopen(); below.  */
#include <assert.h>
/* Override any gcc2 internal prototype to avoid an error.  */
/* We use char because int might match the return type of a gcc2
    builtin and then its argument prototype would still apply.  */
char __dlopen();

int main() {

/* The GNU C library defines this for functions which it implements
    to always fail with ENOSYS.  Some functions are actually named
    something starting with __ and the normal name is an alias.  */
#if defined (__stub___dlopen) || defined (__stub_____dlopen)
choke me
#else
__dlopen();
#endif

; return 0; }
configure:12420: checking for dlopen in -ldl
configure:12439: gcc -o conftest -g -O2   conftest.c -ldl  -lnsl  1>&5
configure:12514: gcc -o conftest -g -O2   conftest.c -lnsl  -ldl 1>&5
configure:12511:1: warning: return type defaults to 'int' [-Wimplicit-int]
 main() { return (0); }
 ^~~~
configure:12566: checking for sin in -lm
configure:12619: checking for res_search
configure:12647: gcc -o conftest -g -O2   conftest.c -lm -ldl -lnsl  1>&5
/tmp/cc6RbITj.o: In function `main':
/home/star/Desktop/php-history/php-4/configure:12641: undefined reference to `res_search'
collect2: error: ld returned 1 exit status
configure: failed program was:
#line 12624 "configure"
#include "confdefs.h"
/* System header to define __stub macros and hopefully few prototypes,
    which can conflict with char res_search(); below.  */
#include <assert.h>
/* Override any gcc2 internal prototype to avoid an error.  */
/* We use char because int might match the return type of a gcc2
    builtin and then its argument prototype would still apply.  */
char res_search();

int main() {

/* The GNU C library defines this for functions which it implements
    to always fail with ENOSYS.  Some functions are actually named
    something starting with __ and the normal name is an alias.  */
#if defined (__stub_res_search) || defined (__stub___res_search)
choke me
#else
res_search();
#endif

; return 0; }
configure:12665: checking for __res_search
configure:12693: gcc -o conftest -g -O2   conftest.c -lm -ldl -lnsl  1>&5
/tmp/cc02waEo.o: In function `main':
/home/star/Desktop/php-history/php-4/configure:12687: undefined reference to `__res_search'
collect2: error: ld returned 1 exit status
configure: failed program was:
#line 12670 "configure"
#include "confdefs.h"
/* System header to define __stub macros and hopefully few prototypes,
    which can conflict with char __res_search(); below.  */
#include <assert.h>
/* Override any gcc2 internal prototype to avoid an error.  */
/* We use char because int might match the return type of a gcc2
    builtin and then its argument prototype would still apply.  */
char __res_search();

int main() {

/* The GNU C library defines this for functions which it implements
    to always fail with ENOSYS.  Some functions are actually named
    something starting with __ and the normal name is an alias.  */
#if defined (__stub___res_search) || defined (__stub_____res_search)
choke me
#else
__res_search();
#endif

; return 0; }
configure:12731: checking for res_search in -lresolv
configure:12750: gcc -o conftest -g -O2   conftest.c -lresolv  -lm -ldl -lnsl  1>&5
/tmp/cc6qyjpw.o: In function `main':
/home/star/Desktop/php-history/php-4/configure:12746: undefined reference to `res_search'
collect2: error: ld returned 1 exit status
configure: failed program was:
#line 12739 "configure"
#include "confdefs.h"
/* Override any gcc2 internal prototype to avoid an error.  */
/* We use char because int might match the return type of a gcc2
    builtin and then its argument prototype would still apply.  */
char res_search();

int main() {
res_search()
; return 0; }
configure:12770: checking for __res_search in -lresolv
configure:12789: gcc -o conftest -g -O2   conftest.c -lresolv  -lm -ldl -lnsl  1>&5
configure:12825: gcc -o conftest -g -O2   conftest.c -lm -ldl -lnsl  -lresolv 1>&5
configure:12822:1: warning: return type defaults to 'int' [-Wimplicit-int]
 main() { return (0); }
 ^~~~
configure:13155: checking for inet_aton
configure:13183: gcc -o conftest -g -O2   conftest.c -lresolv -lm -ldl -lnsl  1>&5
configure:13551: checking for dn_skipname
configure:13579: gcc -o conftest -g -O2   conftest.c -lresolv -lm -ldl -lnsl  1>&5
/tmp/ccY2xTkR.o: In function `main':
/home/star/Desktop/php-history/php-4/configure:13573: undefined reference to `dn_skipname'
collect2: error: ld returned 1 exit status
configure: failed program was:
#line 13556 "configure"
#include "confdefs.h"
/* System header to define __stub macros and hopefully few prototypes,
    which can conflict with char dn_skipname(); below.  */
#include <assert.h>
/* Override any gcc2 internal prototype to avoid an error.  */
/* We use char because int might match the return type of a gcc2
    builtin and then its argument prototype would still apply.  */
char dn_skipname();

int main() {

/* The GNU C library defines this for functions which it implements
    to always fail with ENOSYS.  Some functions are actually named
    something starting with __ and the normal name is an alias.  */
#if defined (__stub_dn_skipname) || defined (__stub___dn_skipname)
choke me
#else
dn_skipname();
#endif

; return 0; }
configure:13597: checking for __dn_skipname
configure:13625: gcc -o conftest -g -O2   conftest.c -lresolv -lm -ldl -lnsl  1>&5
configure:13945: checking for ANSI C header files
configure:14053: checking for dirent.h that defines DIR
configure:14091: checking for opendir in -ldir
configure:14176: checking for fclose declaration
configure:14185: gcc -c -g -O2  conftest.c 1>&5
configure:14262: checking for inttypes.h
configure:14262: checking for stdint.h
configure:14262: checking for dirent.h
configure:14262: checking for ApplicationServices/ApplicationServices.h
configure:14262: checking for sys/param.h
configure:14262: checking for sys/types.h
configure:14262: checking for sys/time.h
configure:14262: checking for netinet/in.h
configure:14262: checking for alloca.h
configure:14262: checking for arpa/inet.h
configure:14262: checking for arpa/nameser.h
configure:14262: checking for assert.h
configure:14262: checking for crypt.h
configure:14262: checking for fcntl.h
configure:14262: checking for grp.h
configure:14262: checking for ieeefp.h
configure:14262: checking for langinfo.h
configure:14262: checking for limits.h
configure:14262: checking for locale.h
configure:14262: checking for monetary.h
configure:14262: checking for mach-o/dyld.h
configure:14262: checking for netdb.h
configure:14262: checking for pwd.h
configure:14262: checking for resolv.h
configure:14262: checking for signal.h
configure:14262: checking for stdarg.h
configure:14262: checking for stdlib.h
configure:14262: checking for string.h
configure:14262: checking for syslog.h
configure:14262: checking for sysexits.h
configure:14262: checking for sys/file.h
configure:14262: checking for sys/mman.h
configure:14262: checking for sys/mount.h
configure:14262: checking for sys/poll.h
configure:14262: checking for sys/resource.h
configure:14262: checking for sys/select.h
configure:14262: checking for sys/socket.h
configure:14262: checking for sys/statfs.h
configure:14262: checking for sys/statvfs.h
configure:14262: checking for sys/vfs.h
configure:14262: checking for sys/sysexits.h
configure:14262: checking for sys/varargs.h
configure:14262: checking for sys/wait.h
configure:14262: checking for unistd.h
configure:14262: checking for unix.h
configure:14262: checking for utime.h
configure:14262: checking for sys/utsname.h
configure:14262: checking for sys/ipc.h
configure:14262: checking for dlfcn.h
configure:14301: checking for fopencookie
configure:14360: gcc -c -g -O2  conftest.c 1>&5
configure:14412: gcc -o conftest -g -O2   conftest.c -lresolv -lm -ldl -lnsl  1>&5
configure:14400:1: warning: return type defaults to 'int' [-Wimplicit-int]
 main() {
 ^~~~
configure: In function 'main':
configure:14405:4: warning: implicit declaration of function 'exit' [-Wimplicit-function-declaration]
    exit(0);
    ^~~~
configure:14405:4: warning: incompatible implicit declaration of built-in function 'exit'
configure:14405:4: note: include '<stdlib.h>' or provide a declaration of 'exit'
configure:14406:3: warning: incompatible implicit declaration of built-in function 'exit'
   exit(1);
   ^~~~
configure:14406:3: note: include '<stdlib.h>' or provide a declaration of 'exit'
configure:14473: checking for broken getcwd
configure:14488: checking for broken libc stdio
configure:14549: gcc -o conftest -g -O2   conftest.c -lresolv -lm -ldl -lnsl  1>&5
configure: In function 'main':
configure:14533:4: warning: implicit declaration of function 'exit' [-Wimplicit-function-declaration]
    exit(2);
    ^~~~
configure:14533:4: warning: incompatible implicit declaration of built-in function 'exit'
configure:14533:4: note: include '<stdlib.h>' or provide a declaration of 'exit'
configure:14541:3: warning: implicit declaration of function 'unlink'; did you mean 'unix'? [-Wimplicit-function-declaration]
   unlink(filename);
   ^~~~~~
   unix
configure: failed program was:
#line 14521 "configure"
#include "confdefs.h"

#include <stdio.h>
int main(int argc, char *argv[])
{
  FILE *fp;
  long position;
  char *filename = "/tmp/phpglibccheck";
  
  fp = fopen(filename, "w");
  if (fp == NULL) {
	  perror("fopen");
	  exit(2);
  }
  fputs("foobar", fp);
  fclose(fp);

  fp = fopen(filename, "a+");
  position = ftell(fp);
  fclose(fp);
  unlink(filename);
  if (position == 0)
	return 1;
  return 0;
}

configure:14577: checking whether struct tm is in sys/time.h or time.h
configure:14611: checking for tm_zone in struct tm
configure:14683: checking for tm_gmtoff in struct tm
configure:14719: checking for struct flock
configure:14761: checking for socklen_t
configure:14804: checking size of intmax_t
configure:14843: checking size of size_t
configure:14882: checking size of ssize_t
configure:14921: checking size of ptrdiff_t
configure:14960: checking size of long long
configure:14999: checking size of long long int
configure:15038: checking size of long
configure:15077: checking size of int
configure:15117: checking for st_blksize in struct stat
configure:15152: checking for st_blocks in struct stat
configure:15192: checking for st_rdev in struct stat
configure:15227: checking for size_t
configure:15260: checking for uid_t in sys/types.h
configure:15295: checking for struct sockaddr_storage
configure:15340: gcc -c -g -O2  conftest.c 1>&5
configure: In function 'main':
configure:15336:44: error: 'struct sockaddr' has no member named 'sa_len'
 static struct sockaddr sa; int n = (int) sa.sa_len; return n
                                            ^
configure: failed program was:
#line 15330 "configure"
#include "confdefs.h"

#include <sys/types.h>
#include <sys/socket.h>

int main() {
static struct sockaddr sa; int n = (int) sa.sa_len; return n
; return 0; }
configure:15353: checking for IPv6 support
configure:15385: checking for vprintf
configure:15557: checking for alphasort
configure:15557: checking for asctime_r
configure:15557: checking for chroot
configure:15557: checking for ctime_r
configure:15557: checking for cuserid
configure:15557: checking for crypt
configure:15557: checking for flock
configure:15557: checking for ftok
configure:15557: checking for funopen
configure:15557: checking for gai_strerror
configure:15557: checking for gcvt
configure:15557: checking for getlogin
configure:15557: checking for getprotobyname
configure:15557: checking for getprotobynumber
configure:15557: checking for getservbyname
configure:15557: checking for getservbyport
configure:15557: checking for getrusage
configure:15557: checking for gettimeofday
configure:15557: checking for gmtime_r
configure:15557: checking for isascii
configure:15557: checking for link
configure:15557: checking for localtime_r
configure:15557: checking for lockf
configure:15557: checking for lrand48
configure:15557: checking for memcpy
configure:15557: checking for memmove
configure:15557: checking for mkstemp
configure:15557: checking for mmap
configure:15557: checking for nl_langinfo
configure:15557: checking for perror
configure:15557: checking for poll
configure:15557: checking for putenv
configure:15557: checking for realpath
configure:15557: checking for random
configure:15557: checking for rand_r
configure:15557: checking for regcomp
configure:15557: checking for res_search
configure:15557: checking for scandir
configure:15557: checking for setitimer
configure:15557: checking for setlocale
configure:15557: checking for localeconv
configure:15557: checking for setsockopt
configure:15557: checking for setvbuf
configure:15557: checking for shutdown
configure:15557: checking for sin
configure:15557: checking for snprintf
configure:15557: checking for srand48
configure:15557: checking for srandom
configure:15557: checking for statfs
configure:15557: checking for statvfs
configure:15557: checking for std_syslog
configure:15557: checking for strcasecmp
configure:15557: checking for strcoll
configure:15557: checking for strdup
configure:15557: checking for strerror
configure:15557: checking for strftime
configure:15557: checking for strstr
configure:15557: checking for strtok_r
configure:15557: checking for symlink
configure:15557: checking for tempnam
configure:15557: checking for tzset
configure:15557: checking for unsetenv
configure:15557: checking for usleep
configure:15557: checking for utime
configure:15557: checking for vsnprintf
configure:15611: checking for getaddrinfo
configure:15701: checking for strlcat
configure:15701: checking for strlcpy
configure:15701: checking for getopt
configure:15756: checking whether utime accepts a null argument
configure:15803: checking for working alloca.h
configure:15836: checking for alloca
configure:16036: checking for declared timezone
configure:16083: checking for type of reentrant time-related functions
configure:16180: checking for readdir_r
configure:16230: checking for type of readdir_r
configure:16384: checking whether to include debugging symbols
configure:16417: checking layout of installed files
configure:16451: checking path to configuration file
configure:16487: checking directory to be scanned for configuration files
configure:16517: checking whether to enable safe mode by default
configure:16552: checking for safe mode exec dir
configure:16593: checking whether to enable PHP's own SIGCHLD handler
configure:16630: checking whether to enable magic quotes by default
configure:16667: checking whether to enable runpaths
configure:16692: checking whether to explicitly link against libgcc
configure:16771: checking whether to enable short tags by default
configure:16808: checking whether to enable dmalloc
configure:16896: checking whether to enable IPv6 support
configure:16926: checking whether to enable versioning
configure:16978: checking for OpenSSL support
configure:17024: checking for Kerberos support
configure:18315: checking for PCRE support
configure:19070: checking for ZLIB support
configure:19116: checking if the location of ZLIB install directory is defined
configure:19667: checking whether to enable bc style precision math functions
configure:20002: checking for BZip2 support
configure:20601: checking whether to enable calendar conversion support
configure:20921: checking for cpdflib support
configure:22141: checking for CRACKlib support
configure:22606: checking whether to enable ctype functions
configure:22922: checking for CURL support
configure:23875: checking for cyrus imap support
configure:24841: checking for xDBM support
configure:25513: checking whether to enable DBA
configure:25838: checking for GDBM support
configure:26143: checking for NDBM support
configure:26445: checking for Berkeley DB4 support
configure:26768: checking for Berkeley DB3 support
configure:27091: checking for Berkeley DB2 support
configure:27411: checking for DBM support
configure:27752: checking for CDB support
configure:27806: checking for INI File support
configure:27860: checking for FlatFile support
configure:27875: checking whether to enable DBA interface
configure:28171: checking whether to enable dbase support
configure:28487: checking whether to enable dbx support
configure:28799: checking whether to enable direct I/O support
configure:29113: checking for DOM support
configure:29827: checking for DOM XSLT support
configure:29852: checking for DOM EXSLT support
configure:30495: checking whether to enable EXIF (metadata from images) support
configure:30811: checking for FrontBase SQL92 (fbsql) support
configure:31286: checking for FDF support
configure:32051: checking whether to enable the bundled filePro support
configure:32367: checking for FriBidi support
configure:32863: checking whether to enable FTP support
configure:33180: checking for GD support
configure:33227: checking for the location of libjpeg
configure:33254: checking for the location of libpng
configure:33307: checking for the location of libXpm
configure:33332: checking for FreeType 1.x support
configure:33357: checking for FreeType 2
configure:33382: checking for T1lib support
configure:33407: checking whether to enable truetype string function in GD
configure:33432: checking whether to enable JIS-mapped Japanese font support in GD
configure:40632: checking for GNU gettext support
configure:41361: checking for GNU MP support
configure:42081: checking for hwapi support
configure:42847: checking for Hyperwave support
configure:43143: checking for iconv support
configure:44273: checking for IMAP support
configure:44319: checking for IMAP Kerberos support
configure:44344: checking for IMAP SSL support
configure:46470: checking for Informix support
configure:47123: checking for Ingres II support
configure:47876: checking for InterBase support
configure:48604: checking for Java support
configure:49441: checking for LDAP support
configure:51923: checking whether to enable multibyte string support
configure:51969: checking whether to enable multibyte regex support
configure:51994: checking for external libmbfl
configure:52759: checking for MCAL support
configure:53209: checking for mcrypt support
configure:54370: checking for MCVE support
configure:54416: checking OpenSSL dir for MCVE
configure:55838: checking for mhash support
configure:56293: checking whether to include mime_magic support
configure:56631: checking for MING support
configure:57351: checking for mnoGoSearch support
configure:57810: checking for msession support
configure:58249: checking for mSQL support
configure:58741: checking for MSSQL support via FreeTDS
configure:59408: checking for MySQL support
configure:59454: checking for specified location of the MySQL UNIX socket
configure:59511: checking for MySQL UNIX socket location
configure:59558: checking for ranlib
configure:59586: checking for inline
configure:59626: checking return type of signal handlers
configure:59679: checking for ANSI C header files
configure:59792: checking for sgtty.h
configure:59792: checking for sys/ioctl.h
configure:59792: checking for fcntl.h
configure:59792: checking for float.h
configure:59792: checking for floatingpoint.h
configure:59792: checking for ieeefp.h
configure:59792: checking for limits.h
configure:59792: checking for memory.h
configure:59792: checking for pwd.h
configure:59792: checking for select.h
configure:59792: checking for stdlib.h
configure:59792: checking for stddef.h
configure:59792: checking for strings.h
configure:59792: checking for string.h
configure:59792: checking for synch.h
configure:59792: checking for sys/mman.h
configure:59792: checking for sys/socket.h
configure:59792: checking for sys/timeb.h
configure:59792: checking for sys/types.h
configure:59792: checking for sys/un.h
configure:59792: checking for sys/vadvise.h
configure:59792: checking for sys/wait.h
configure:59792: checking for term.h
configure:59792: checking for unistd.h
configure:59792: checking for utime.h
configure:59792: checking for sys/utime.h
configure:59792: checking for termio.h
configure:59792: checking for termios.h
configure:59792: checking for sched.h
configure:59792: checking for crypt.h
configure:59792: checking for alloca.h
configure:59834: checking size of char
configure:59874: checking size of int
configure:59913: checking size of long
configure:59952: checking size of long long
configure:59991: checking for size_t
configure:60024: checking whether time.h and sys/time.h may both be included
configure:60059: checking for uid_t in sys/types.h
configure:60094: checking for type ulong
configure:60137: checking for type uchar
configure:60180: checking for type uint
configure:60223: checking for type ushort
configure:60266: checking for int8
configure:60322: checking base type of last arg to accept
configure:60399: checking return type of qsort
configure:60467: checking for alarm
configure:60467: checking for bmove
configure:60467: checking for chsize
configure:60467: checking for ftruncate
configure:60467: checking for rint
configure:60467: checking for finite
configure:60467: checking for fpsetmask
configure:60467: checking for fpresetsticky
configure:60467: checking for cuserid
configure:60467: checking for fcntl
configure:60467: checking for fconvert
configure:60467: checking for getrusage
configure:60467: checking for getpwuid
configure:60467: checking for getcwd
configure:60467: checking for getrlimit
configure:60467: checking for getwd
configure:60467: checking for index
configure:60467: checking for locking
configure:60467: checking for longjmp
configure:60467: checking for perror
configure:60467: checking for pread
configure:60467: checking for realpath
configure:60467: checking for rename
configure:60467: checking for socket
configure:60467: checking for strnlen
configure:60467: checking for madvise
configure:60467: checking for strtoll
configure:60467: checking for strtoul
configure:60467: checking for strtoull
configure:60467: checking for snprintf
configure:60467: checking for tempnam
configure:60467: checking for thr_setconcurrency
configure:60467: checking for gethostbyaddr_r
configure:60467: checking for gethostbyname_r
configure:60467: checking for getpwnam
configure:60467: checking for bfill
configure:60467: checking for bzero
configure:60467: checking for bcmp
configure:60467: checking for strstr
configure:60467: checking for strpbrk
configure:60467: checking for strerror
configure:60467: checking for tell
configure:60467: checking for atod
configure:60467: checking for memcpy
configure:60467: checking for memmove
configure:60467: checking for setupterm
configure:60467: checking for strcasecmp
configure:60467: checking for sighold
configure:60467: checking for vidattr
configure:60467: checking for setupterm
configure:60467: checking for lrand48
configure:60467: checking for localtime_r
configure:60467: checking for sigset
configure:60467: checking for sigthreadmask
configure:60467: checking for pthread_sigmask
configure:60467: checking for pthread_setprio
configure:60467: checking for pthread_setprio_np
configure:60467: checking for pthread_setschedparam
configure:60467: checking for pthread_attr_setprio
configure:60467: checking for pthread_attr_setschedparam
configure:60467: checking for pthread_attr_create
configure:60467: checking for pthread_getsequence_np
configure:60467: checking for pthread_attr_setstacksize
configure:60467: checking for pthread_condattr_create
configure:60467: checking for rwlock_init
configure:60467: checking for crypt
configure:60467: checking for dlopen
configure:60467: checking for dlerror
configure:60467: checking for fchmod
configure:60467: checking for getpass
configure:60467: checking for getpassphrase
configure:60524: checking for strtok_r
configure:60581: checking style of gethostname_r routines
configure:60648: checking 3 argument to gethostname_r routines
configure:60715: checking args to pthread_getspecific
configure:60756: checking args to pthread_mutex_init
configure:60799: checking args to readdir_r
configure:60841: checking style of sigwait
configure:62811: checking for ncurses support
configure:63837: checking for Oracle (OCI8) support using ORACLE_HOME installation
configure:63884: checking for Oracle (OCI8) support using Oracle Instant Client
configure:66450: checking for Adabas support
configure:66643: checking for SAP DB support
configure:66773: checking for Solid support
configure:66917: checking for IBM DB2 support
configure:66989: checking for Empress support
configure:67059: checking for Empress local access support
configure:67145: checking for Birdstep support
configure:67255: checking for a custom ODBC support
configure:67289: checking for iODBC support
configure:67431: checking for Easysoft ODBC-ODBC Bridge support
configure:67491: checking for unixODBC support
configure:67551: checking for DBMaker support
configure:68112: checking for Oracle-ORACLE support
configure:73186: checking whether to enable user-space object overloading support
configure:73503: checking whether to enable pcntl support
configure:73994: checking for PDFlib support
configure:74121: checking for the location of libtiff
configure:75620: checking for Verisign Payflow Pro support
configure:76376: checking for PostgreSQL support
configure:77808: checking whether to enable POSIX-like functions
configure:78122: checking for seteuid
configure:78122: checking for setegid
configure:78122: checking for setsid
configure:78122: checking for getsid
configure:78122: checking for setpgid
configure:78122: checking for getpgid
configure:78122: checking for ctermid
configure:78122: checking for mkfifo
configure:78122: checking for getrlimit
configure:78122: checking for getlogin
configure:78122: checking for getgroups
configure:78180: checking for PSPELL support
configure:78876: checking for QtDOM support
configure:79586: checking for libedit readline replacement
configure:79633: checking for readline support
configure:81396: checking for recode support
configure:82171: checking whether to enable PHP sessions
configure:82217: checking for mm support
configure:82242: checking whether pwrite works
configure:82362: checking whether pread works
configure:82898: checking whether to enable shmop support
configure:83214: checking for SNMP support
configure:83260: checking OpenSSL dir for SNMP
configure:84919: checking whether to enable UCD SNMP hack
configure:84945: checking whether to enable sockets support
configure:85424: checking for getcwd
configure:85424: checking for getwd
configure:85424: checking for asinh
configure:85424: checking for acosh
configure:85424: checking for atanh
configure:85424: checking for log1p
configure:85424: checking for hypot
configure:85481: checking for crypt in -lcrypt
configure:85529: checking for standard DES crypt
configure:85590: checking for extended DES crypt
configure:85651: checking for MD5 crypt
configure:85750: checking for Blowfish crypt
configure:85818: checking whether flush should be called explicitly after a buffered io
configure:86023: checking which regex library to use
configure:86028: checking whether rounding works as expected
configure:86049: gcc -o conftest -g -O2   conftest.c -lcrypt -lresolv -lm -ldl -lnsl  -lcrypt 1>&5
configure:86073: checking for working fnmatch
configure:86115: checking for glob
configure:86115: checking for strfmon
configure:86178: checking for fpclass
configure:86178: checking for isinf
configure:86178: checking for isnan
configure:86232: checking whether atof() accepts NAN
configure:86291: checking whether atof() accepts INF
configure:86353: checking whether HUGE_VAL == INF
configure:86415: checking whether HUGE_VAL + -HUGEVAL == NAN
configure:86788: checking for libswf support
configure:87256: checking for Sybase support
configure:87902: checking for Sybase-CT support
configure:88909: checking whether to enable System V IPC support
configure:89225: checking whether to enable System V semaphore support
configure:89587: checking whether to enable System V shared memory support
configure:89904: checking whether to enable tokenizer support
configure:90222: checking whether to enable WDDX support
configure:90540: checking whether byte ordering is bigendian
configure:90599: checking whether to enable XML support
configure:90645: checking external libexpat install dir
configure:91410: checking for XMLRPC-EPI support
configure:91456: checking libexpat dir for XMLRPC-EPI
configure:91481: checking iconv dir for XMLRPC-EPI
configure:93164: checking whether to enable xslt support
configure:93210: checking for XSLT Sablotron backend
configure:93235: checking for libexpat dir for Sablotron XSL support
configure:93260: checking for iconv dir for Sablotron XSL support
configure:93285: checking for JavaScript for Sablotron XSL support
configure:95045: checking for YAZ support
configure:95610: checking whether to include YP support
configure:96132: checking for ZIP support
configure:96798: checking whether to install PEAR
configure:96904: checking bison version
configure:96939: checking for inttypes.h
configure:96939: checking for stdint.h
configure:96939: checking for limits.h
configure:96939: checking for malloc.h
configure:96939: checking for string.h
configure:96939: checking for unistd.h
configure:96939: checking for stdarg.h
configure:96939: checking for sys/types.h
configure:96939: checking for sys/time.h
configure:96939: checking for signal.h
configure:96939: checking for unix.h
configure:96939: checking for mach-o/dyld.h
configure:96939: checking for dlfcn.h
configure:96977: checking for size_t
configure:97010: checking return type of signal handlers
configure:97052: checking for uint
configure:97085: checking for ulong
configure:97120: checking for int32_t
configure:97141: gcc -c -g -O2  conftest.c 1>&5
configure:97160: checking for uint32_t
configure:97181: gcc -c -g -O2  conftest.c 1>&5
configure:97200: checking for vprintf
configure:97305: checking for 8-bit clean memcmp
configure:97343: checking for working alloca.h
configure:97376: checking for alloca
configure:97577: checking for memcpy
configure:97577: checking for strdup
configure:97577: checking for getpid
configure:97577: checking for kill
configure:97577: checking for strtod
configure:97577: checking for strtol
configure:97577: checking for finite
configure:97577: checking for fpclass
configure:97633: checking for finite
configure:97633: checking for isfinite
configure:97633: checking for isinf
configure:97633: checking for isnan
configure:97688: checking whether fp_except is defined
configure:97735: checking for dlfcn.h
configure:97774: checking whether dlsym() requires a leading underscore in symbol names
configure:97842: gcc -o conftest -g -O2   conftest.c  1>&5
configure: In function 'main':
configure:97838:5: warning: implicit declaration of function 'exit' [-Wimplicit-function-declaration]
     exit (status);
     ^~~~
configure:97838:5: warning: incompatible implicit declaration of built-in function 'exit'
configure:97838:5: note: include '<stdlib.h>' or provide a declaration of 'exit'
/tmp/ccxY9viI.o: In function `main':
/home/star/Desktop/php-history/php-4/configure:97828: undefined reference to `dlopen'
/home/star/Desktop/php-history/php-4/configure:97833: undefined reference to `dlsym'
/home/star/Desktop/php-history/php-4/configure:97834: undefined reference to `dlsym'
collect2: error: ld returned 1 exit status
configure:97938: checking whether to enable the Zend memory manager
configure:97942: checking whether to enable thread-safety
configure:97946: checking whether to enable inline optimization for GCC
configure:97950: checking whether to enable a memory limit
configure:97954: checking whether to enable Zend debugging
configure:97958: checking whether to enable Zend multibyte
configure:98030: checking for inline
configure:98114: checking for stdarg.h
configure:99062: checking for Cygwin environment
configure:99095: checking for mingw32 environment
configure:99193: checking build system type
configure:99222: checking for ld used by GCC
configure:99290: checking if the linker (/usr/bin/ld) is GNU ld
configure:99307: checking for /usr/bin/ld option to reload object files
configure:99319: checking for BSD-compatible nm
configure:99357: checking how to recognise dependent libraries
configure:99544: checking for object suffix
configure:99570: checking for executable suffix
configure:99611: checking command to parse /usr/bin/nm -B output
configure:99935: checking for ranlib
configure:100002: checking for strip
configure:100247: checking for objdir
configure:100278: checking for gcc option to produce PIC
configure:100426: checking if gcc PIC flag  -fPIC works
configure:100496: checking if gcc static flag -static works
configure:100542: checking if gcc supports -c -o file.o
configure:100590: checking if gcc supports -c -o file.lo
configure:100666: checking if gcc supports -fno-rtti -fno-exceptions
configure:100679: gcc -c -g -O2 -fno-rtti -fno-exceptions -c conftest.c  conftest.c 1>&5
cc1: warning: command line option '-fno-rtti' is valid for C++/ObjC++ but not for C
cc1: warning: command line option '-fno-rtti' is valid for C++/ObjC++ but not for C
configure:100710: checking whether the linker (/usr/bin/ld) supports shared libraries
configure:101401: checking how to hardcode library paths into programs
configure:101433: checking whether stripping libraries is possible
configure:101451: checking dynamic linker characteristics
configure:101711: gcc -c -g -O2  conftest.c 1>&5
configure:101886: checking if libtool supports shared libraries
configure:101894: checking whether to build shared libraries
configure:101921: checking whether to build static libraries
